# JRE version: Java(TM) SE Runtime Environment (14.0.2+12) (build 14.0.2+12-46)
# Java VM: Java HotSpot(TM) 64-Bit Server VM (14.0.2+12-46, mixed mode, sharing, tiered, compressed oops, g1 gc, windows-amd64)
Heap:
 garbage-first heap   total 109568K, used 52160K [0x0000000081400000, 0x0000000100000000)
  region size 1024K, 23 young (23552K), 4 survivors (4096K)
 Metaspace       used 56013K, capacity 57596K, committed 57856K, reserved 1099776K
  class space    used 7557K, capacity 8173K, committed 8192K, reserved 1048576K
GC Heap History (20 events):
Event: 9.691 GC heap before
{Heap before GC invocations=10 (full 0):
 garbage-first heap   total 66560K, used 51667K [0x0000000081400000, 0x0000000100000000)
  region size 1024K, 39 young (39936K), 4 survivors (4096K)
 Metaspace       used 30638K, capacity 31732K, committed 31872K, reserved 1077248K
  class space    used 3963K, capacity 4412K, committed 4480K, reserved 1048576K
}
Event: 9.710 GC heap after
{Heap after GC invocations=11 (full 0):
 garbage-first heap   total 66560K, used 17110K [0x0000000081400000, 0x0000000100000000)
  region size 1024K, 4 young (4096K), 4 survivors (4096K)
 Metaspace       used 30638K, capacity 31732K, committed 31872K, reserved 1077248K
  class space    used 3963K, capacity 4412K, committed 4480K, reserved 1048576K
}
Event: 10.972 GC heap before
{Heap before GC invocations=11 (full 0):
 garbage-first heap   total 66560K, used 52950K [0x0000000081400000, 0x0000000100000000)
  region size 1024K, 39 young (39936K), 4 survivors (4096K)
 Metaspace       used 32772K, capacity 33927K, committed 34176K, reserved 1079296K
  class space    used 4238K, capacity 4682K, committed 4736K, reserved 1048576K
}
Event: 11.010 GC heap after
{Heap after GC invocations=12 (full 0):
 garbage-first heap   total 79872K, used 19250K [0x0000000081400000, 0x0000000100000000)
  region size 1024K, 4 young (4096K), 4 survivors (4096K)
 Metaspace       used 32772K, capacity 33927K, committed 34176K, reserved 1079296K
  class space    used 4238K, capacity 4682K, committed 4736K, reserved 1048576K
}
Event: 11.623 GC heap before
{Heap before GC invocations=12 (full 0):
 garbage-first heap   total 79872K, used 30514K [0x0000000081400000, 0x0000000100000000)
  region size 1024K, 16 young (16384K), 4 survivors (4096K)
 Metaspace       used 34567K, capacity 35695K, committed 35840K, reserved 1081344K
  class space    used 4449K, capacity 4909K, committed 4992K, reserved 1048576K
}
Event: 11.651 GC heap after
{Heap after GC invocations=13 (full 0):
 garbage-first heap   total 79872K, used 19999K [0x0000000081400000, 0x0000000100000000)
  region size 1024K, 3 young (3072K), 3 survivors (3072K)
 Metaspace       used 34567K, capacity 35695K, committed 35840K, reserved 1081344K
  class space    used 4449K, capacity 4909K, committed 4992K, reserved 1048576K
}
Event: 13.801 GC heap before
{Heap before GC invocations=14 (full 0):
 garbage-first heap   total 75776K, used 60959K [0x0000000081400000, 0x0000000100000000)
  region size 1024K, 44 young (45056K), 3 survivors (3072K)
 Metaspace       used 38803K, capacity 39980K, committed 40064K, reserved 1083392K
  class space    used 4959K, capacity 5437K, committed 5504K, reserved 1048576K
}
Event: 13.819 GC heap after
{Heap after GC invocations=15 (full 0):
 garbage-first heap   total 75776K, used 22207K [0x0000000081400000, 0x0000000100000000)
  region size 1024K, 6 young (6144K), 6 survivors (6144K)
 Metaspace       used 38803K, capacity 39980K, committed 40064K, reserved 1083392K
  class space    used 4959K, capacity 5437K, committed 5504K, reserved 1048576K
}
Event: 15.123 GC heap before
{Heap before GC invocations=16 (full 0):
 garbage-first heap   total 75776K, used 59071K [0x0000000081400000, 0x0000000100000000)
  region size 1024K, 42 young (43008K), 6 survivors (6144K)
 Metaspace       used 41594K, capacity 42912K, committed 43136K, reserved 1087488K
  class space    used 5460K, capacity 5966K, committed 6016K, reserved 1048576K
}
Event: 15.137 GC heap after
{Heap after GC invocations=17 (full 0):
 garbage-first heap   total 75776K, used 24174K [0x0000000081400000, 0x0000000100000000)
  region size 1024K, 5 young (5120K), 5 survivors (5120K)
 Metaspace       used 41594K, capacity 42912K, committed 43136K, reserved 1087488K
  class space    used 5460K, capacity 5966K, committed 6016K, reserved 1048576K
}
Event: 16.052 GC heap before
{Heap before GC invocations=17 (full 0):
 garbage-first heap   total 75776K, used 57965K [0x0000000081400000, 0x0000000100000000)
  region size 1024K, 39 young (39936K), 5 survivors (5120K)
 Metaspace       used 43019K, capacity 44302K, committed 44416K, reserved 1087488K
  class space    used 5707K, capacity 6213K, committed 6272K, reserved 1048576K
}
Event: 16.068 GC heap after
{Heap after GC invocations=18 (full 0):
 garbage-first heap   total 91136K, used 26135K [0x0000000081400000, 0x0000000100000000)
  region size 1024K, 4 young (4096K), 4 survivors (4096K)
 Metaspace       used 43019K, capacity 44302K, committed 44416K, reserved 1087488K
  class space    used 5707K, capacity 6213K, committed 6272K, reserved 1048576K
}
Event: 17.171 GC heap before
{Heap before GC invocations=18 (full 0):
 garbage-first heap   total 91136K, used 72215K [0x0000000081400000, 0x0000000100000000)
  region size 1024K, 49 young (50176K), 4 survivors (4096K)
 Metaspace       used 47192K, capacity 48493K, committed 48768K, reserved 1091584K
  class space    used 6200K, capacity 6728K, committed 6784K, reserved 1048576K
}
Event: 17.185 GC heap after
{Heap after GC invocations=19 (full 0):
 garbage-first heap   total 91136K, used 28186K [0x0000000081400000, 0x0000000100000000)
  region size 1024K, 6 young (6144K), 6 survivors (6144K)
 Metaspace       used 47192K, capacity 48493K, committed 48768K, reserved 1091584K
  class space    used 6200K, capacity 6728K, committed 6784K, reserved 1048576K
}
Event: 18.066 GC heap before
{Heap before GC invocations=19 (full 0):
 garbage-first heap   total 91136K, used 71194K [0x0000000081400000, 0x0000000100000000)
  region size 1024K, 49 young (50176K), 6 survivors (6144K)
 Metaspace       used 50367K, capacity 51857K, committed 52096K, reserved 1093632K
  class space    used 6643K, capacity 7208K, committed 7296K, reserved 1048576K
}
Event: 18.086 GC heap after
{Heap after GC invocations=20 (full 0):
 garbage-first heap   total 91136K, used 30496K [0x0000000081400000, 0x0000000100000000)
  region size 1024K, 5 young (5120K), 5 survivors (5120K)
 Metaspace       used 50367K, capacity 51857K, committed 52096K, reserved 1093632K
  class space    used 6643K, capacity 7208K, committed 7296K, reserved 1048576K
}
Event: 18.786 GC heap before
{Heap before GC invocations=20 (full 0):
 garbage-first heap   total 91136K, used 73504K [0x0000000081400000, 0x0000000100000000)
  region size 1024K, 47 young (48128K), 5 survivors (5120K)
 Metaspace       used 53311K, capacity 54862K, committed 54912K, reserved 1095680K
  class space    used 7173K, capacity 7759K, committed 7808K, reserved 1048576K
}
Event: 18.801 GC heap after
{Heap after GC invocations=21 (full 0):
 garbage-first heap   total 91136K, used 32053K [0x0000000081400000, 0x0000000100000000)
  region size 1024K, 4 young (4096K), 4 survivors (4096K)
 Metaspace       used 53311K, capacity 54862K, committed 54912K, reserved 1095680K
  class space    used 7173K, capacity 7759K, committed 7808K, reserved 1048576K
}
Event: 19.785 GC heap before
{Heap before GC invocations=21 (full 0):
 garbage-first heap   total 91136K, used 74037K [0x0000000081400000, 0x0000000100000000)
  region size 1024K, 45 young (46080K), 4 survivors (4096K)
 Metaspace       used 55315K, capacity 56891K, committed 57088K, reserved 1097728K
  class space    used 7442K, capacity 8069K, committed 8192K, reserved 1048576K
}
Event: 19.803 GC heap after
{Heap after GC invocations=22 (full 0):
 garbage-first heap   total 109568K, used 33728K [0x0000000081400000, 0x0000000100000000)
  region size 1024K, 4 young (4096K), 4 survivors (4096K)
 Metaspace       used 55315K, capacity 56891K, committed 57088K, reserved 1097728K
  class space    used 7442K, capacity 8069K, committed 8192K, reserved 1048576K
}

